<?xml version="1.0" encoding="UTF-8"?>
<!-- Generated by org.testng.reporters.JUnitReportReporter -->
<testsuite hostname="DESKTOP-B2JJIFU" failures="0" tests="3" name="TestNg.Practice01Test" time="0.030" errors="0" timestamp="19 Jul 2022 17:38:43 GMT">
  <testcase classname="TestNg.Practice01Test" name="test4" time="0.011"/>
  <testcase classname="TestNg.Practice01Test" name="test3" time="0.017"/>
  <testcase classname="TestNg.Practice01Test" name="test1" time="0.002"/>
</testsuite> <!-- TestNg.Practice01Test -->
